<?xml version="1.0" encoding="UTF-8"?>
<testsuite xmlns:xsi="http://www.w3.org/2001/XMLSchema-instance" xsi:noNamespaceSchemaLocation="https://maven.apache.org/surefire/maven-surefire-plugin/xsd/surefire-test-report.xsd" name="UserTest.RegistrationUserTest" time="4.061" tests="5" errors="0" skipped="0" failures="0">
  <properties>
[...]
</properties>
  <testcase name="registrationUserRequiredFieldEmail" classname="UserTest.RegistrationUserTest" time="1.451"/>
  <testcase name="registrationUniqueUser" classname="UserTest.RegistrationUserTest" time="1.512"/>
  <testcase name="registrationNotUniqueUser" classname="UserTest.RegistrationUserTest" time="0.585"/>
  <testcase name="registrationUserRequiredFieldName" classname="UserTest.RegistrationUserTest" time="0.259"/>
  <testcase name="registrationUserRequiredFieldPass" classname="UserTest.RegistrationUserTest" time="0.248"/>
</testsuite>